RUN	example.ExampleSimulation	examplesimulation	1643645237263	 	3.6.1
USER	scenarioTwo	START	1643645238899
USER	scenarioOne	START	1643645238897
USER	scenarioTwo	START	1643645238978
USER	scenarioTwo	START	1643645239077
USER	scenarioOne	START	1643645239081
USER	scenarioTwo	START	1643645239179
USER	scenarioTwo	START	1643645239278
USER	scenarioOne	START	1643645239283
USER	scenarioTwo	START	1643645239379
USER	scenarioTwo	START	1643645239479
USER	scenarioOne	START	1643645239482
USER	scenarioTwo	START	1643645239579
USER	scenarioTwo	START	1643645239678
USER	scenarioOne	START	1643645239684
USER	scenarioTwo	START	1643645239779
USER	scenarioTwo	START	1643645239880
USER	scenarioTwo	START	1643645239980
USER	scenarioTwo	START	1643645240080
USER	scenarioTwo	START	1643645240180
USER	scenarioTwo	START	1643645240282
REQUEST	FirstChain	mainPage	1643645238918	1643645240268	OK	 
REQUEST	SecondChain	mainPage	1643645238918	1643645240309	OK	 
USER	scenarioTwo	START	1643645240380
REQUEST	SecondChain	mainPage	1643645238978	1643645240406	OK	 
REQUEST	FirstChain	mainPage	1643645239082	1643645240458	OK	 
REQUEST	SecondChain	mainPage	1643645239078	1643645240469	OK	 
USER	scenarioTwo	START	1643645240479
REQUEST	SecondChain	mainPage	1643645239179	1643645240511	OK	 
USER	scenarioTwo	START	1643645240580
REQUEST	SecondChain	mainPage	1643645239279	1643645240581	OK	 
REQUEST	FirstChain	searchPanel	1643645240287	1643645240623	OK	 
GROUP	FirstChain	1643645238898	1643645240624	1686	OK
USER	scenarioOne	END	1643645240627
REQUEST	SecondChain	searchPanel	1643645240312	1643645240666	OK	 
GROUP	SecondChain	1643645238899	1643645240677	1745	OK
USER	scenarioTwo	END	1643645240677
USER	scenarioTwo	START	1643645240680
REQUEST	FirstChain	mainPage	1643645239283	1643645240691	OK	 
REQUEST	SecondChain	mainPage	1643645239380	1643645240753	OK	 
REQUEST	SecondChain	searchPanel	1643645240406	1643645240765	OK	 
GROUP	SecondChain	1643645238978	1643645240765	1787	OK
USER	scenarioTwo	END	1643645240765
USER	scenarioTwo	START	1643645240781
REQUEST	FirstChain	searchPanel	1643645240458	1643645240799	OK	 
GROUP	FirstChain	1643645239081	1643645240800	1717	OK
USER	scenarioOne	END	1643645240800
REQUEST	SecondChain	searchPanel	1643645240470	1643645240834	OK	 
GROUP	SecondChain	1643645239078	1643645240835	1755	OK
USER	scenarioTwo	END	1643645240835
REQUEST	FirstChain	mainPage	1643645239483	1643645240852	OK	 
REQUEST	SecondChain	searchPanel	1643645240512	1643645240853	OK	 
GROUP	SecondChain	1643645239179	1643645240854	1673	OK
USER	scenarioTwo	END	1643645240854
USER	scenarioTwo	START	1643645240881
REQUEST	SecondChain	mainPage	1643645239480	1643645240910	OK	 
REQUEST	SecondChain	searchPanel	1643645240582	1643645240921	OK	 
GROUP	SecondChain	1643645239278	1643645240921	1641	OK
USER	scenarioTwo	END	1643645240922
REQUEST	SecondChain	mainPage	1643645239580	1643645240927	OK	 
USER	scenarioTwo	START	1643645240978
REQUEST	SecondChain	mainPage	1643645239679	1643645241001	OK	 
REQUEST	FirstChain	mainPage	1643645239685	1643645241029	OK	 
REQUEST	FirstChain	searchPanel	1643645240692	1643645241053	OK	 
GROUP	FirstChain	1643645239283	1643645241054	1769	OK
USER	scenarioOne	END	1643645241055
USER	scenarioTwo	START	1643645241078
REQUEST	SecondChain	searchPanel	1643645240754	1643645241096	OK	 
GROUP	SecondChain	1643645239379	1643645241097	1715	OK
USER	scenarioTwo	END	1643645241097
REQUEST	SecondChain	mainPage	1643645239779	1643645241122	OK	 
USER	scenarioTwo	START	1643645241178
REQUEST	SecondChain	mainPage	1643645239881	1643645241187	OK	 
REQUEST	FirstChain	searchPanel	1643645240852	1643645241193	OK	 
GROUP	FirstChain	1643645239482	1643645241193	1710	OK
USER	scenarioOne	END	1643645241194
REQUEST	SecondChain	searchPanel	1643645240911	1643645241251	OK	 
GROUP	SecondChain	1643645239479	1643645241252	1770	OK
USER	scenarioTwo	END	1643645241252
REQUEST	SecondChain	searchPanel	1643645240927	1643645241263	OK	 
GROUP	SecondChain	1643645239579	1643645241264	1683	OK
USER	scenarioTwo	END	1643645241264
USER	scenarioTwo	START	1643645241278
REQUEST	SecondChain	searchPanel	1643645241001	1643645241334	OK	 
GROUP	SecondChain	1643645239678	1643645241334	1655	OK
USER	scenarioTwo	END	1643645241334
REQUEST	SecondChain	mainPage	1643645239981	1643645241347	OK	 
REQUEST	FirstChain	searchPanel	1643645241030	1643645241376	OK	 
GROUP	FirstChain	1643645239684	1643645241376	1690	OK
USER	scenarioOne	END	1643645241376
USER	scenarioTwo	START	1643645241379
REQUEST	SecondChain	mainPage	1643645240080	1643645241461	OK	 
REQUEST	SecondChain	mainPage	1643645240180	1643645241461	OK	 
USER	scenarioTwo	START	1643645241477
REQUEST	SecondChain	searchPanel	1643645241123	1643645241508	OK	 
GROUP	SecondChain	1643645239779	1643645241509	1728	OK
USER	scenarioTwo	END	1643645241509
REQUEST	SecondChain	searchPanel	1643645241188	1643645241536	OK	 
GROUP	SecondChain	1643645239880	1643645241537	1654	OK
USER	scenarioTwo	END	1643645241537
USER	scenarioTwo	START	1643645241579
REQUEST	SecondChain	mainPage	1643645240283	1643645241594	OK	 
USER	scenarioTwo	START	1643645241679
REQUEST	SecondChain	mainPage	1643645240380	1643645241698	OK	 
REQUEST	SecondChain	searchPanel	1643645241348	1643645241704	OK	 
GROUP	SecondChain	1643645239980	1643645241704	1722	OK
USER	scenarioTwo	END	1643645241704
USER	scenarioTwo	START	1643645241778
REQUEST	SecondChain	mainPage	1643645240479	1643645241794	OK	 
REQUEST	SecondChain	searchPanel	1643645241462	1643645241805	OK	 
GROUP	SecondChain	1643645240080	1643645241806	1724	OK
USER	scenarioTwo	END	1643645241806
REQUEST	SecondChain	searchPanel	1643645241462	1643645241817	OK	 
GROUP	SecondChain	1643645240180	1643645241818	1636	OK
USER	scenarioTwo	END	1643645241818
REQUEST	SecondChain	mainPage	1643645240580	1643645241870	OK	 
USER	scenarioTwo	START	1643645241880
REQUEST	SecondChain	searchPanel	1643645241595	1643645241934	OK	 
GROUP	SecondChain	1643645240282	1643645241935	1650	OK
USER	scenarioTwo	END	1643645241935
REQUEST	SecondChain	mainPage	1643645241580	1643645241951	OK	 
USER	scenarioTwo	START	1643645241978
REQUEST	SecondChain	mainPage	1643645240681	1643645242024	OK	 
REQUEST	SecondChain	searchPanel	1643645241699	1643645242039	OK	 
GROUP	SecondChain	1643645240380	1643645242040	1658	OK
USER	scenarioTwo	END	1643645242040
REQUEST	SecondChain	mainPage	1643645241679	1643645242061	OK	 
USER	scenarioTwo	START	1643645242079
REQUEST	SecondChain	mainPage	1643645241779	1643645242131	OK	 
REQUEST	SecondChain	searchPanel	1643645241794	1643645242159	OK	 
GROUP	SecondChain	1643645240479	1643645242160	1680	OK
USER	scenarioTwo	END	1643645242160
USER	scenarioTwo	START	1643645242179
REQUEST	SecondChain	mainPage	1643645240781	1643645242182	OK	 
REQUEST	SecondChain	mainPage	1643645240881	1643645242230	OK	 
REQUEST	SecondChain	searchPanel	1643645241871	1643645242237	OK	 
GROUP	SecondChain	1643645240580	1643645242238	1656	OK
USER	scenarioTwo	END	1643645242238
REQUEST	SecondChain	mainPage	1643645241880	1643645242252	OK	 
USER	scenarioTwo	START	1643645242279
REQUEST	SecondChain	searchPanel	1643645241952	1643645242290	OK	 
GROUP	SecondChain	1643645241579	1643645242291	709	OK
USER	scenarioTwo	END	1643645242291
REQUEST	SecondChain	mainPage	1643645240978	1643645242305	OK	 
REQUEST	SecondChain	mainPage	1643645241979	1643645242313	OK	 
REQUEST	SecondChain	mainPage	1643645241079	1643645242366	OK	 
REQUEST	SecondChain	searchPanel	1643645242025	1643645242369	OK	 
GROUP	SecondChain	1643645240680	1643645242369	1687	OK
USER	scenarioTwo	END	1643645242370
USER	scenarioTwo	START	1643645242379
REQUEST	SecondChain	searchPanel	1643645242062	1643645242399	OK	 
GROUP	SecondChain	1643645241679	1643645242400	719	OK
USER	scenarioTwo	END	1643645242400
REQUEST	SecondChain	mainPage	1643645242079	1643645242427	OK	 
USER	scenarioTwo	START	1643645242478
REQUEST	SecondChain	searchPanel	1643645242132	1643645242481	OK	 
GROUP	SecondChain	1643645241778	1643645242481	701	OK
USER	scenarioTwo	END	1643645242481
REQUEST	SecondChain	mainPage	1643645241179	1643645242486	OK	 
REQUEST	SecondChain	mainPage	1643645242180	1643645242523	OK	 
REQUEST	SecondChain	searchPanel	1643645242183	1643645242532	OK	 
GROUP	SecondChain	1643645240781	1643645242533	1750	OK
USER	scenarioTwo	END	1643645242533
REQUEST	SecondChain	searchPanel	1643645242231	1643645242559	OK	 
GROUP	SecondChain	1643645240881	1643645242560	1677	OK
USER	scenarioTwo	END	1643645242560
USER	scenarioTwo	START	1643645242578
REQUEST	SecondChain	searchPanel	1643645242253	1643645242586	OK	 
GROUP	SecondChain	1643645241880	1643645242587	705	OK
USER	scenarioTwo	END	1643645242587
REQUEST	SecondChain	mainPage	1643645241279	1643645242623	OK	 
REQUEST	SecondChain	mainPage	1643645242279	1643645242652	OK	 
REQUEST	SecondChain	searchPanel	1643645242314	1643645242652	OK	 
GROUP	SecondChain	1643645241978	1643645242652	672	OK
USER	scenarioTwo	END	1643645242653
REQUEST	SecondChain	searchPanel	1643645242306	1643645242665	OK	 
GROUP	SecondChain	1643645240978	1643645242666	1686	OK
USER	scenarioTwo	END	1643645242666
USER	scenarioTwo	START	1643645242678
REQUEST	SecondChain	mainPage	1643645241380	1643645242687	OK	 
REQUEST	SecondChain	searchPanel	1643645242367	1643645242710	OK	 
GROUP	SecondChain	1643645241078	1643645242710	1630	OK
USER	scenarioTwo	END	1643645242710
REQUEST	SecondChain	mainPage	1643645242379	1643645242739	OK	 
USER	scenarioTwo	START	1643645242780
REQUEST	SecondChain	searchPanel	1643645242428	1643645242785	OK	 
GROUP	SecondChain	1643645242079	1643645242786	705	OK
USER	scenarioTwo	END	1643645242786
REQUEST	SecondChain	mainPage	1643645242479	1643645242843	OK	 
REQUEST	SecondChain	searchPanel	1643645242487	1643645242874	OK	 
GROUP	SecondChain	1643645241178	1643645242874	1694	OK
USER	scenarioTwo	END	1643645242875
USER	scenarioTwo	START	1643645242879
REQUEST	SecondChain	mainPage	1643645241478	1643645242881	OK	 
REQUEST	SecondChain	searchPanel	1643645242524	1643645242939	OK	 
GROUP	SecondChain	1643645242179	1643645242939	758	OK
USER	scenarioTwo	END	1643645242940
REQUEST	SecondChain	mainPage	1643645242579	1643645242944	OK	 
REQUEST	SecondChain	searchPanel	1643645242623	1643645242968	OK	 
GROUP	SecondChain	1643645241279	1643645242969	1689	OK
USER	scenarioTwo	END	1643645242969
USER	scenarioTwo	START	1643645242978
REQUEST	SecondChain	searchPanel	1643645242653	1643645243001	OK	 
GROUP	SecondChain	1643645242279	1643645243002	721	OK
USER	scenarioTwo	END	1643645243002
REQUEST	SecondChain	mainPage	1643645242678	1643645243017	OK	 
REQUEST	SecondChain	searchPanel	1643645242688	1643645243021	OK	 
GROUP	SecondChain	1643645241379	1643645243021	1640	OK
USER	scenarioTwo	END	1643645243021
REQUEST	SecondChain	searchPanel	1643645242740	1643645243076	OK	 
GROUP	SecondChain	1643645242379	1643645243076	696	OK
USER	scenarioTwo	END	1643645243076
USER	scenarioTwo	START	1643645243078
REQUEST	SecondChain	mainPage	1643645242780	1643645243120	OK	 
REQUEST	SecondChain	searchPanel	1643645242844	1643645243171	OK	 
GROUP	SecondChain	1643645242478	1643645243172	691	OK
USER	scenarioTwo	END	1643645243172
USER	scenarioTwo	START	1643645243179
REQUEST	SecondChain	searchPanel	1643645242882	1643645243217	OK	 
GROUP	SecondChain	1643645241477	1643645243218	1738	OK
USER	scenarioTwo	END	1643645243218
REQUEST	SecondChain	mainPage	1643645242880	1643645243231	OK	 
USER	scenarioTwo	START	1643645243278
REQUEST	SecondChain	searchPanel	1643645242944	1643645243287	OK	 
GROUP	SecondChain	1643645242578	1643645243287	708	OK
USER	scenarioTwo	END	1643645243287
REQUEST	SecondChain	mainPage	1643645242978	1643645243328	OK	 
REQUEST	SecondChain	searchPanel	1643645243017	1643645243358	OK	 
GROUP	SecondChain	1643645242678	1643645243359	680	OK
USER	scenarioTwo	END	1643645243359
USER	scenarioTwo	START	1643645243378
REQUEST	SecondChain	mainPage	1643645243078	1643645243450	OK	 
REQUEST	SecondChain	searchPanel	1643645243121	1643645243461	OK	 
GROUP	SecondChain	1643645242780	1643645243462	680	OK
USER	scenarioTwo	END	1643645243462
USER	scenarioTwo	START	1643645243478
REQUEST	SecondChain	mainPage	1643645243179	1643645243545	OK	 
REQUEST	SecondChain	searchPanel	1643645243232	1643645243572	OK	 
GROUP	SecondChain	1643645242879	1643645243573	691	OK
USER	scenarioTwo	END	1643645243574
USER	scenarioTwo	START	1643645243578
REQUEST	SecondChain	mainPage	1643645243279	1643645243641	OK	 
REQUEST	SecondChain	searchPanel	1643645243329	1643645243662	OK	 
GROUP	SecondChain	1643645242978	1643645243663	683	OK
USER	scenarioTwo	END	1643645243663
USER	scenarioTwo	START	1643645243680
REQUEST	SecondChain	mainPage	1643645243379	1643645243720	OK	 
USER	scenarioTwo	START	1643645243779
REQUEST	SecondChain	searchPanel	1643645243451	1643645243786	OK	 
GROUP	SecondChain	1643645243078	1643645243787	707	OK
USER	scenarioTwo	END	1643645243787
REQUEST	SecondChain	mainPage	1643645243479	1643645243820	OK	 
