RUN	example.ExampleSimulation	examplesimulation	1643642163200	 	3.6.1
USER	scenarioOne	START	1643642164600
REQUEST	FirstChain	mainPage	1643642164641	1643642164803	OK	 
REQUEST	FirstChain	searchPanel	1643642164829	1643642164898	OK	 
GROUP	FirstChain	1643642164602	1643642164899	231	OK
USER	scenarioOne	END	1643642164901
USER	scenarioOne	START	1643642165085
REQUEST	FirstChain	mainPage	1643642165086	1643642165298	OK	 
REQUEST	FirstChain	searchPanel	1643642165299	1643642165366	OK	 
GROUP	FirstChain	1643642165085	1643642165367	279	OK
USER	scenarioOne	END	1643642165367
USER	scenarioOne	START	1643642165586
REQUEST	FirstChain	mainPage	1643642165586	1643642165800	OK	 
REQUEST	FirstChain	searchPanel	1643642165804	1643642165909	OK	 
GROUP	FirstChain	1643642165586	1643642165911	319	OK
USER	scenarioOne	END	1643642165912
USER	scenarioOne	START	1643642166088
REQUEST	FirstChain	mainPage	1643642166089	1643642166289	OK	 
REQUEST	FirstChain	searchPanel	1643642166292	1643642166390	OK	 
GROUP	FirstChain	1643642166088	1643642166391	298	OK
USER	scenarioOne	END	1643642166392
USER	scenarioOne	START	1643642166588
REQUEST	FirstChain	mainPage	1643642166589	1643642166799	OK	 
REQUEST	FirstChain	searchPanel	1643642166803	1643642166878	OK	 
GROUP	FirstChain	1643642166588	1643642166879	285	OK
USER	scenarioOne	END	1643642166880
USER	scenarioOne	START	1643642167082
REQUEST	FirstChain	mainPage	1643642167082	1643642167279	OK	 
REQUEST	FirstChain	searchPanel	1643642167282	1643642167351	OK	 
GROUP	FirstChain	1643642167082	1643642167352	266	OK
USER	scenarioOne	END	1643642167353
USER	scenarioOne	START	1643642167582
REQUEST	FirstChain	mainPage	1643642167582	1643642167798	OK	 
REQUEST	FirstChain	searchPanel	1643642167802	1643642167874	OK	 
GROUP	FirstChain	1643642167582	1643642167875	288	OK
USER	scenarioOne	END	1643642167876
USER	scenarioOne	START	1643642168081
REQUEST	FirstChain	mainPage	1643642168082	1643642168242	OK	 
REQUEST	FirstChain	searchPanel	1643642168244	1643642168372	OK	 
GROUP	FirstChain	1643642168081	1643642168373	288	OK
USER	scenarioOne	END	1643642168374
USER	scenarioOne	START	1643642168582
REQUEST	FirstChain	mainPage	1643642168582	1643642168753	OK	 
REQUEST	FirstChain	searchPanel	1643642168756	1643642168827	OK	 
GROUP	FirstChain	1643642168582	1643642168828	242	OK
USER	scenarioOne	END	1643642168829
USER	scenarioOne	START	1643642169081
REQUEST	FirstChain	mainPage	1643642169082	1643642169278	OK	 
REQUEST	FirstChain	searchPanel	1643642169281	1643642169417	OK	 
GROUP	FirstChain	1643642169081	1643642169418	332	OK
USER	scenarioOne	END	1643642169419
