RUN	example.ExampleSimulation	examplesimulation	1643642329953	 	3.6.1
USER	scenarioOne	START	1643642331160
REQUEST	FirstChain	mainPage	1643642331181	1643642331400	OK	 
REQUEST	FirstChain	searchPanel	1643642331450	1643642331572	OK	 
GROUP	FirstChain	1643642331161	1643642331574	341	OK
USER	scenarioOne	END	1643642331578
USER	scenarioOne	START	1643642332150
REQUEST	FirstChain	mainPage	1643642332150	1643642332357	OK	 
REQUEST	FirstChain	searchPanel	1643642332363	1643642332513	OK	 
GROUP	FirstChain	1643642332150	1643642332514	357	OK
USER	scenarioOne	END	1643642332516
USER	scenarioOne	START	1643642333149
REQUEST	FirstChain	mainPage	1643642333149	1643642333334	OK	 
REQUEST	FirstChain	searchPanel	1643642333336	1643642333414	OK	 
GROUP	FirstChain	1643642333149	1643642333415	263	OK
USER	scenarioOne	END	1643642333415
USER	scenarioOne	START	1643642334145
REQUEST	FirstChain	mainPage	1643642334146	1643642334391	OK	 
REQUEST	FirstChain	searchPanel	1643642334395	1643642334471	OK	 
GROUP	FirstChain	1643642334145	1643642334472	321	OK
USER	scenarioOne	END	1643642334473
USER	scenarioOne	START	1643642335146
REQUEST	FirstChain	mainPage	1643642335146	1643642335309	OK	 
REQUEST	FirstChain	searchPanel	1643642335311	1643642335386	OK	 
GROUP	FirstChain	1643642335146	1643642335387	238	OK
USER	scenarioOne	END	1643642335388
