RUN	example.ExampleSimulation	examplesimulation	1643642732805	 	3.6.1
USER	scenarioTwo	START	1643642734088
USER	scenarioOne	START	1643642734087
USER	scenarioTwo	START	1643642734172
USER	scenarioTwo	START	1643642734271
USER	scenarioOne	START	1643642734273
REQUEST	FirstChain	mainPage	1643642734108	1643642734282	OK	 
REQUEST	SecondChain	mainPage	1643642734108	1643642734288	OK	 
REQUEST	SecondChain	mainPage	1643642734173	1643642734331	OK	 
USER	scenarioTwo	START	1643642734372
REQUEST	SecondChain	searchPanel	1643642734325	1643642734391	OK	 
GROUP	SecondChain	1643642734088	1643642734391	246	OK
USER	scenarioTwo	END	1643642734393
REQUEST	SecondChain	searchPanel	1643642734333	1643642734409	OK	 
GROUP	SecondChain	1643642734172	1643642734409	234	OK
USER	scenarioTwo	END	1643642734410
REQUEST	SecondChain	mainPage	1643642734271	1643642734430	OK	 
REQUEST	FirstChain	searchPanel	1643642734325	1643642734456	OK	 
GROUP	FirstChain	1643642734088	1643642734457	305	OK
USER	scenarioOne	END	1643642734458
USER	scenarioTwo	START	1643642734473
USER	scenarioOne	START	1643642734474
REQUEST	FirstChain	mainPage	1643642734273	1643642734512	OK	 
REQUEST	SecondChain	mainPage	1643642734372	1643642734530	OK	 
REQUEST	SecondChain	searchPanel	1643642734432	1643642734564	OK	 
GROUP	SecondChain	1643642734271	1643642734566	291	OK
USER	scenarioTwo	END	1643642734567
USER	scenarioTwo	START	1643642734572
REQUEST	FirstChain	searchPanel	1643642734516	1643642734589	OK	 
GROUP	FirstChain	1643642734273	1643642734590	312	OK
USER	scenarioOne	END	1643642734591
REQUEST	FirstChain	mainPage	1643642734475	1643642734650	OK	 
REQUEST	SecondChain	searchPanel	1643642734532	1643642734652	OK	 
GROUP	SecondChain	1643642734372	1643642734654	278	OK
USER	scenarioTwo	END	1643642734655
REQUEST	SecondChain	mainPage	1643642734473	1643642734657	OK	 
USER	scenarioTwo	START	1643642734673
USER	scenarioOne	START	1643642734674
REQUEST	FirstChain	searchPanel	1643642734654	1643642734724	OK	 
GROUP	FirstChain	1643642734474	1643642734725	245	OK
USER	scenarioOne	END	1643642734726
USER	scenarioTwo	START	1643642734772
REQUEST	SecondChain	mainPage	1643642734573	1643642734798	OK	 
REQUEST	SecondChain	searchPanel	1643642734660	1643642734822	OK	 
GROUP	SecondChain	1643642734473	1643642734823	346	OK
USER	scenarioTwo	END	1643642734825
USER	scenarioTwo	START	1643642734872
USER	scenarioOne	START	1643642734875
REQUEST	FirstChain	mainPage	1643642734675	1643642734876	OK	 
REQUEST	SecondChain	searchPanel	1643642734800	1643642734883	OK	 
GROUP	SecondChain	1643642734572	1643642734884	308	OK
USER	scenarioTwo	END	1643642734885
REQUEST	SecondChain	mainPage	1643642734673	1643642734902	OK	 
REQUEST	SecondChain	mainPage	1643642734772	1643642734931	OK	 
USER	scenarioTwo	START	1643642734973
REQUEST	SecondChain	searchPanel	1643642734934	1643642734997	OK	 
GROUP	SecondChain	1643642734772	1643642734998	222	OK
USER	scenarioTwo	END	1643642734998
REQUEST	FirstChain	searchPanel	1643642734878	1643642735030	OK	 
GROUP	FirstChain	1643642734674	1643642735031	353	OK
USER	scenarioOne	END	1643642735033
REQUEST	FirstChain	mainPage	1643642734876	1643642735055	OK	 
REQUEST	SecondChain	mainPage	1643642734873	1643642735060	OK	 
USER	scenarioTwo	START	1643642735073
REQUEST	FirstChain	searchPanel	1643642735059	1643642735135	OK	 
GROUP	FirstChain	1643642734875	1643642735136	255	OK
USER	scenarioOne	END	1643642735137
USER	scenarioTwo	START	1643642735174
REQUEST	SecondChain	mainPage	1643642734974	1643642735179	OK	 
REQUEST	SecondChain	searchPanel	1643642734906	1643642735227	OK	 
GROUP	SecondChain	1643642734673	1643642735228	550	OK
USER	scenarioTwo	END	1643642735229
REQUEST	SecondChain	searchPanel	1643642735183	1643642735250	OK	 
GROUP	SecondChain	1643642734973	1643642735251	272	OK
USER	scenarioTwo	END	1643642735251
REQUEST	SecondChain	mainPage	1643642735074	1643642735252	OK	 
USER	scenarioTwo	START	1643642735273
REQUEST	SecondChain	searchPanel	1643642735063	1643642735307	OK	 
GROUP	SecondChain	1643642734872	1643642735308	431	OK
USER	scenarioTwo	END	1643642735309
REQUEST	SecondChain	searchPanel	1643642735254	1643642735331	OK	 
GROUP	SecondChain	1643642735073	1643642735332	255	OK
USER	scenarioTwo	END	1643642735332
REQUEST	SecondChain	mainPage	1643642735175	1643642735352	OK	 
USER	scenarioTwo	START	1643642735373
REQUEST	SecondChain	mainPage	1643642735273	1643642735403	OK	 
REQUEST	SecondChain	searchPanel	1643642735355	1643642735424	OK	 
GROUP	SecondChain	1643642735174	1643642735425	246	OK
USER	scenarioTwo	END	1643642735426
USER	scenarioTwo	START	1643642735474
REQUEST	SecondChain	searchPanel	1643642735406	1643642735476	OK	 
GROUP	SecondChain	1643642735273	1643642735476	200	OK
USER	scenarioTwo	END	1643642735478
REQUEST	SecondChain	mainPage	1643642735374	1643642735559	OK	 
USER	scenarioTwo	START	1643642735574
REQUEST	SecondChain	searchPanel	1643642735562	1643642735631	OK	 
GROUP	SecondChain	1643642735373	1643642735632	254	OK
USER	scenarioTwo	END	1643642735633
REQUEST	SecondChain	mainPage	1643642735474	1643642735642	OK	 
USER	scenarioTwo	START	1643642735674
REQUEST	SecondChain	mainPage	1643642735575	1643642735728	OK	 
USER	scenarioTwo	START	1643642735774
REQUEST	SecondChain	searchPanel	1643642735644	1643642735795	OK	 
GROUP	SecondChain	1643642735474	1643642735796	319	OK
USER	scenarioTwo	END	1643642735799
REQUEST	SecondChain	mainPage	1643642735675	1643642735842	OK	 
USER	scenarioTwo	START	1643642735873
REQUEST	SecondChain	searchPanel	1643642735845	1643642735930	OK	 
GROUP	SecondChain	1643642735674	1643642735932	252	OK
USER	scenarioTwo	END	1643642735932
USER	scenarioTwo	START	1643642735973
REQUEST	SecondChain	mainPage	1643642735775	1643642735977	OK	 
REQUEST	SecondChain	mainPage	1643642735873	1643642736028	OK	 
REQUEST	SecondChain	searchPanel	1643642735731	1643642736029	OK	 
GROUP	SecondChain	1643642735574	1643642736031	451	OK
USER	scenarioTwo	END	1643642736032
REQUEST	SecondChain	searchPanel	1643642735980	1643642736063	OK	 
GROUP	SecondChain	1643642735774	1643642736064	285	OK
USER	scenarioTwo	END	1643642736065
USER	scenarioTwo	START	1643642736074
REQUEST	SecondChain	mainPage	1643642735973	1643642736137	OK	 
REQUEST	SecondChain	searchPanel	1643642736031	1643642736159	OK	 
GROUP	SecondChain	1643642735873	1643642736160	283	OK
USER	scenarioTwo	END	1643642736161
USER	scenarioTwo	START	1643642736170
REQUEST	SecondChain	searchPanel	1643642736140	1643642736229	OK	 
GROUP	SecondChain	1643642735973	1643642736230	253	OK
USER	scenarioTwo	END	1643642736231
REQUEST	SecondChain	mainPage	1643642736074	1643642736245	OK	 
USER	scenarioTwo	START	1643642736271
REQUEST	SecondChain	searchPanel	1643642736247	1643642736315	OK	 
GROUP	SecondChain	1643642736074	1643642736316	239	OK
USER	scenarioTwo	END	1643642736317
USER	scenarioTwo	START	1643642736371
REQUEST	SecondChain	mainPage	1643642736170	1643642736383	OK	 
REQUEST	SecondChain	mainPage	1643642736271	1643642736419	OK	 
REQUEST	SecondChain	searchPanel	1643642736386	1643642736457	OK	 
GROUP	SecondChain	1643642736170	1643642736458	284	OK
USER	scenarioTwo	END	1643642736459
USER	scenarioTwo	START	1643642736471
REQUEST	SecondChain	searchPanel	1643642736421	1643642736481	OK	 
GROUP	SecondChain	1643642736271	1643642736482	208	OK
USER	scenarioTwo	END	1643642736488
REQUEST	SecondChain	mainPage	1643642736371	1643642736534	OK	 
USER	scenarioTwo	START	1643642736572
REQUEST	SecondChain	mainPage	1643642736472	1643642736614	OK	 
USER	scenarioTwo	START	1643642736671
REQUEST	SecondChain	searchPanel	1643642736537	1643642736694	OK	 
GROUP	SecondChain	1643642736371	1643642736695	320	OK
USER	scenarioTwo	END	1643642736696
REQUEST	SecondChain	mainPage	1643642736572	1643642736715	OK	 
USER	scenarioTwo	START	1643642736771
REQUEST	SecondChain	searchPanel	1643642736616	1643642736773	OK	 
GROUP	SecondChain	1643642736471	1643642736774	299	OK
USER	scenarioTwo	END	1643642736775
REQUEST	SecondChain	searchPanel	1643642736718	1643642736791	OK	 
GROUP	SecondChain	1643642736572	1643642736798	216	OK
USER	scenarioTwo	END	1643642736799
REQUEST	SecondChain	mainPage	1643642736672	1643642736828	OK	 
USER	scenarioTwo	START	1643642736872
REQUEST	SecondChain	searchPanel	1643642736831	1643642736911	OK	 
GROUP	SecondChain	1643642736671	1643642736912	236	OK
USER	scenarioTwo	END	1643642736913
REQUEST	SecondChain	mainPage	1643642736772	1643642736940	OK	 
USER	scenarioTwo	START	1643642736972
REQUEST	SecondChain	mainPage	1643642736872	1643642737012	OK	 
USER	scenarioTwo	START	1643642737072
REQUEST	SecondChain	searchPanel	1643642737015	1643642737144	OK	 
GROUP	SecondChain	1643642736872	1643642737145	269	OK
USER	scenarioTwo	END	1643642737146
REQUEST	SecondChain	mainPage	1643642736972	1643642737153	OK	 
USER	scenarioTwo	START	1643642737171
REQUEST	SecondChain	mainPage	1643642737073	1643642737255	OK	 
REQUEST	SecondChain	searchPanel	1643642736943	1643642737257	OK	 
GROUP	SecondChain	1643642736771	1643642737258	482	OK
USER	scenarioTwo	END	1643642737259
USER	scenarioTwo	START	1643642737272
REQUEST	SecondChain	searchPanel	1643642737155	1643642737323	OK	 
GROUP	SecondChain	1643642736972	1643642737324	349	OK
USER	scenarioTwo	END	1643642737325
REQUEST	SecondChain	searchPanel	1643642737258	1643642737338	OK	 
GROUP	SecondChain	1643642737072	1643642737339	262	OK
USER	scenarioTwo	END	1643642737340
REQUEST	SecondChain	mainPage	1643642737172	1643642737354	OK	 
USER	scenarioTwo	START	1643642737371
REQUEST	SecondChain	mainPage	1643642737272	1643642737438	OK	 
USER	scenarioTwo	START	1643642737472
REQUEST	SecondChain	searchPanel	1643642737356	1643642737502	OK	 
GROUP	SecondChain	1643642737171	1643642737503	328	OK
USER	scenarioTwo	END	1643642737504
REQUEST	SecondChain	mainPage	1643642737372	1643642737519	OK	 
USER	scenarioTwo	START	1643642737573
REQUEST	SecondChain	searchPanel	1643642737441	1643642737596	OK	 
REQUEST	SecondChain	searchPanel	1643642737521	1643642737597	OK	 
GROUP	SecondChain	1643642737372	1643642737598	223	OK
GROUP	SecondChain	1643642737272	1643642737598	321	OK
USER	scenarioTwo	END	1643642737599
USER	scenarioTwo	END	1643642737599
REQUEST	SecondChain	mainPage	1643642737472	1643642737637	OK	 
USER	scenarioTwo	START	1643642737672
REQUEST	SecondChain	mainPage	1643642737573	1643642737747	OK	 
USER	scenarioTwo	START	1643642737773
REQUEST	SecondChain	searchPanel	1643642737638	1643642737787	OK	 
GROUP	SecondChain	1643642737472	1643642737788	314	OK
USER	scenarioTwo	END	1643642737789
REQUEST	SecondChain	searchPanel	1643642737750	1643642737821	OK	 
GROUP	SecondChain	1643642737573	1643642737822	245	OK
USER	scenarioTwo	END	1643642737823
USER	scenarioTwo	START	1643642737872
REQUEST	SecondChain	mainPage	1643642737672	1643642737880	OK	 
REQUEST	SecondChain	mainPage	1643642737773	1643642737913	OK	 
USER	scenarioTwo	START	1643642737972
REQUEST	SecondChain	searchPanel	1643642737882	1643642737975	OK	 
GROUP	SecondChain	1643642737672	1643642737976	301	OK
USER	scenarioTwo	END	1643642737977
REQUEST	SecondChain	mainPage	1643642737873	1643642738011	OK	 
REQUEST	SecondChain	searchPanel	1643642737916	1643642738046	OK	 
GROUP	SecondChain	1643642737773	1643642738047	270	OK
USER	scenarioTwo	END	1643642738048
USER	scenarioTwo	START	1643642738072
REQUEST	SecondChain	searchPanel	1643642738013	1643642738122	OK	 
GROUP	SecondChain	1643642737872	1643642738123	247	OK
USER	scenarioTwo	END	1643642738124
REQUEST	SecondChain	mainPage	1643642737973	1643642738151	OK	 
USER	scenarioTwo	START	1643642738171
REQUEST	SecondChain	searchPanel	1643642738153	1643642738231	OK	 
GROUP	SecondChain	1643642737972	1643642738231	256	OK
USER	scenarioTwo	END	1643642738232
REQUEST	SecondChain	mainPage	1643642738073	1643642738264	OK	 
USER	scenarioTwo	START	1643642738271
REQUEST	SecondChain	mainPage	1643642738171	1643642738323	OK	 
USER	scenarioTwo	START	1643642738370
REQUEST	SecondChain	searchPanel	1643642738265	1643642738401	OK	 
GROUP	SecondChain	1643642738072	1643642738402	327	OK
USER	scenarioTwo	END	1643642738403
REQUEST	SecondChain	mainPage	1643642738271	1643642738404	OK	 
REQUEST	SecondChain	searchPanel	1643642738325	1643642738417	OK	 
GROUP	SecondChain	1643642738171	1643642738418	244	OK
USER	scenarioTwo	END	1643642738419
USER	scenarioTwo	START	1643642738471
REQUEST	SecondChain	searchPanel	1643642738406	1643642738485	OK	 
GROUP	SecondChain	1643642738271	1643642738488	212	OK
USER	scenarioTwo	END	1643642738489
REQUEST	SecondChain	mainPage	1643642738370	1643642738551	OK	 
USER	scenarioTwo	START	1643642738570
REQUEST	SecondChain	searchPanel	1643642738553	1643642738653	OK	 
GROUP	SecondChain	1643642738370	1643642738654	281	OK
USER	scenarioTwo	END	1643642738654
USER	scenarioTwo	START	1643642738670
REQUEST	SecondChain	mainPage	1643642738471	1643642738684	OK	 
USER	scenarioTwo	START	1643642738771
REQUEST	SecondChain	mainPage	1643642738570	1643642738776	OK	 
REQUEST	SecondChain	searchPanel	1643642738685	1643642738837	OK	 
GROUP	SecondChain	1643642738471	1643642738837	365	OK
USER	scenarioTwo	END	1643642738839
REQUEST	SecondChain	searchPanel	1643642738778	1643642738848	OK	 
GROUP	SecondChain	1643642738570	1643642738849	276	OK
USER	scenarioTwo	END	1643642738850
USER	scenarioTwo	START	1643642738870
REQUEST	SecondChain	mainPage	1643642738670	1643642738877	OK	 
REQUEST	SecondChain	mainPage	1643642738771	1643642738952	OK	 
USER	scenarioTwo	START	1643642738971
REQUEST	SecondChain	mainPage	1643642738871	1643642739036	OK	 
REQUEST	SecondChain	searchPanel	1643642738879	1643642739057	OK	 
GROUP	SecondChain	1643642738670	1643642739058	385	OK
USER	scenarioTwo	END	1643642739059
