RUN	example.ExampleSimulation	examplesimulation	1643644322187	 	3.6.1
USER	scenarioTwo	START	1643644325026
USER	scenarioOne	START	1643644325206
USER	scenarioTwo	START	1643644325106
USER	scenarioTwo	START	1643644325205
USER	scenarioOne	START	1643644325021
USER	scenarioTwo	START	1643644325306
USER	scenarioTwo	START	1643644325407
USER	scenarioOne	START	1643644325408
USER	scenarioTwo	START	1643644325506
USER	scenarioTwo	START	1643644325607
USER	scenarioOne	START	1643644325608
USER	scenarioTwo	START	1643644325706
USER	scenarioTwo	START	1643644325806
USER	scenarioOne	START	1643644325811
USER	scenarioTwo	START	1643644325908
USER	scenarioTwo	START	1643644326008
USER	scenarioTwo	START	1643644326108
USER	scenarioTwo	START	1643644326208
USER	scenarioTwo	START	1643644326307
USER	scenarioTwo	START	1643644326408
USER	scenarioTwo	START	1643644326508
USER	scenarioTwo	START	1643644326609
REQUEST	SecondChain	mainPage	1643644325106	1643644326693	OK	 
REQUEST	SecondChain	mainPage	1643644325046	1643644326711	OK	 
REQUEST	FirstChain	mainPage	1643644325046	1643644326682	OK	 
REQUEST	SecondChain	mainPage	1643644325206	1643644326682	OK	 
REQUEST	FirstChain	mainPage	1643644325206	1643644326693	OK	 
REQUEST	SecondChain	mainPage	1643644325306	1643644326712	OK	 
USER	scenarioTwo	START	1643644326742
REQUEST	FirstChain	mainPage	1643644325408	1643644326782	OK	 
REQUEST	SecondChain	mainPage	1643644325407	1643644326783	OK	 
USER	scenarioTwo	START	1643644326807
REQUEST	SecondChain	mainPage	1643644325507	1643644326816	OK	 
USER	scenarioTwo	START	1643644326907
REQUEST	SecondChain	mainPage	1643644325607	1643644327000	OK	 
REQUEST	FirstChain	mainPage	1643644325609	1643644327014	OK	 
USER	scenarioTwo	START	1643644327014
REQUEST	SecondChain	mainPage	1643644325707	1643644327071	OK	 
REQUEST	FirstChain	searchPanel	1643644326741	1643644327082	OK	 
GROUP	FirstChain	1643644325024	1643644327083	1977	OK
USER	scenarioOne	END	1643644327084
USER	scenarioTwo	START	1643644327104
REQUEST	SecondChain	searchPanel	1643644326741	1643644327112	OK	 
GROUP	SecondChain	1643644325306	1643644327112	1777	OK
USER	scenarioTwo	END	1643644327112
REQUEST	SecondChain	searchPanel	1643644326741	1643644327138	OK	 
REQUEST	SecondChain	searchPanel	1643644326741	1643644327138	OK	 
GROUP	SecondChain	1643644325205	1643644327138	1873	OK
GROUP	SecondChain	1643644325026	1643644327138	2062	OK
USER	scenarioTwo	END	1643644327138
USER	scenarioTwo	END	1643644327138
REQUEST	SecondChain	searchPanel	1643644326741	1643644327160	OK	 
REQUEST	FirstChain	searchPanel	1643644326741	1643644327159	OK	 
GROUP	SecondChain	1643644325106	1643644327160	2006	OK
GROUP	FirstChain	1643644325206	1643644327160	1905	OK
USER	scenarioOne	END	1643644327160
USER	scenarioTwo	END	1643644327160
REQUEST	FirstChain	mainPage	1643644325811	1643644327175	OK	 
REQUEST	FirstChain	searchPanel	1643644326784	1643644327185	OK	 
GROUP	FirstChain	1643644325408	1643644327185	1775	OK
USER	scenarioOne	END	1643644327185
REQUEST	SecondChain	searchPanel	1643644326784	1643644327199	OK	 
GROUP	SecondChain	1643644325407	1643644327200	1791	OK
USER	scenarioTwo	END	1643644327200
USER	scenarioTwo	START	1643644327203
REQUEST	SecondChain	mainPage	1643644325807	1643644327207	OK	 
REQUEST	SecondChain	searchPanel	1643644326817	1643644327215	OK	 
GROUP	SecondChain	1643644325506	1643644327216	1707	OK
USER	scenarioTwo	END	1643644327216
REQUEST	SecondChain	mainPage	1643644325908	1643644327287	OK	 
REQUEST	SecondChain	mainPage	1643644326009	1643644327308	OK	 
USER	scenarioTwo	START	1643644327308
REQUEST	SecondChain	searchPanel	1643644327001	1643644327355	OK	 
GROUP	SecondChain	1643644325607	1643644327356	1747	OK
USER	scenarioTwo	END	1643644327356
REQUEST	FirstChain	searchPanel	1643644327015	1643644327374	OK	 
GROUP	FirstChain	1643644325608	1643644327375	1764	OK
USER	scenarioOne	END	1643644327375
REQUEST	SecondChain	mainPage	1643644326108	1643644327383	OK	 
USER	scenarioTwo	START	1643644327404
REQUEST	SecondChain	searchPanel	1643644327072	1643644327420	OK	 
GROUP	SecondChain	1643644325706	1643644327421	1712	OK
USER	scenarioTwo	END	1643644327421
USER	scenarioTwo	START	1643644327505
REQUEST	FirstChain	searchPanel	1643644327175	1643644327511	OK	 
GROUP	FirstChain	1643644325811	1643644327512	1700	OK
USER	scenarioOne	END	1643644327512
REQUEST	SecondChain	mainPage	1643644326208	1643644327525	OK	 
REQUEST	SecondChain	searchPanel	1643644327207	1643644327554	OK	 
GROUP	SecondChain	1643644325806	1643644327554	1747	OK
USER	scenarioTwo	END	1643644327555
USER	scenarioTwo	START	1643644327604
REQUEST	SecondChain	mainPage	1643644326307	1643644327625	OK	 
REQUEST	SecondChain	searchPanel	1643644327288	1643644327638	OK	 
GROUP	SecondChain	1643644325908	1643644327639	1729	OK
USER	scenarioTwo	END	1643644327639
REQUEST	SecondChain	searchPanel	1643644327309	1643644327664	OK	 
GROUP	SecondChain	1643644326008	1643644327666	1654	OK
USER	scenarioTwo	END	1643644327666
REQUEST	SecondChain	mainPage	1643644326408	1643644327697	OK	 
USER	scenarioTwo	START	1643644327705
REQUEST	SecondChain	searchPanel	1643644327384	1643644327738	OK	 
GROUP	SecondChain	1643644326108	1643644327739	1629	OK
USER	scenarioTwo	END	1643644327739
USER	scenarioTwo	START	1643644327805
REQUEST	SecondChain	mainPage	1643644326509	1643644327855	OK	 
REQUEST	SecondChain	searchPanel	1643644327526	1643644327896	OK	 
GROUP	SecondChain	1643644326208	1643644327896	1687	OK
USER	scenarioTwo	END	1643644327896
USER	scenarioTwo	START	1643644327904
REQUEST	SecondChain	mainPage	1643644326609	1643644327958	OK	 
REQUEST	SecondChain	searchPanel	1643644327626	1643644327998	OK	 
GROUP	SecondChain	1643644326307	1643644327999	1690	OK
USER	scenarioTwo	END	1643644327999
USER	scenarioTwo	START	1643644328005
REQUEST	SecondChain	mainPage	1643644326742	1643644328051	OK	 
REQUEST	SecondChain	mainPage	1643644327705	1643644328051	OK	 
REQUEST	SecondChain	searchPanel	1643644327698	1643644328065	OK	 
GROUP	SecondChain	1643644326408	1643644328066	1656	OK
USER	scenarioTwo	END	1643644328066
REQUEST	SecondChain	mainPage	1643644326808	1643644328081	OK	 
USER	scenarioTwo	START	1643644328104
REQUEST	SecondChain	mainPage	1643644327806	1643644328154	OK	 
REQUEST	SecondChain	searchPanel	1643644327856	1643644328184	OK	 
GROUP	SecondChain	1643644326508	1643644328185	1674	OK
USER	scenarioTwo	END	1643644328185
USER	scenarioTwo	START	1643644328204
REQUEST	SecondChain	mainPage	1643644327905	1643644328250	OK	 
REQUEST	SecondChain	mainPage	1643644326908	1643644328250	OK	 
USER	scenarioTwo	START	1643644328304
REQUEST	SecondChain	searchPanel	1643644327960	1643644328345	OK	 
GROUP	SecondChain	1643644326609	1643644328346	1734	OK
USER	scenarioTwo	END	1643644328346
REQUEST	SecondChain	mainPage	1643644327014	1643644328354	OK	 
REQUEST	SecondChain	mainPage	1643644328005	1643644328359	OK	 
REQUEST	SecondChain	searchPanel	1643644328052	1643644328395	OK	 
GROUP	SecondChain	1643644327705	1643644328396	689	OK
USER	scenarioTwo	END	1643644328396
USER	scenarioTwo	START	1643644328405
REQUEST	SecondChain	searchPanel	1643644328052	1643644328413	OK	 
GROUP	SecondChain	1643644326742	1643644328414	1670	OK
USER	scenarioTwo	END	1643644328414
REQUEST	SecondChain	mainPage	1643644327104	1643644328439	OK	 
REQUEST	SecondChain	searchPanel	1643644328082	1643644328439	OK	 
GROUP	SecondChain	1643644326807	1643644328440	1630	OK
USER	scenarioTwo	END	1643644328440
REQUEST	SecondChain	mainPage	1643644328104	1643644328464	OK	 
REQUEST	SecondChain	mainPage	1643644327203	1643644328504	OK	 
REQUEST	SecondChain	searchPanel	1643644328155	1643644328505	OK	 
GROUP	SecondChain	1643644327805	1643644328505	698	OK
USER	scenarioTwo	END	1643644328506
USER	scenarioTwo	START	1643644328505
REQUEST	SecondChain	mainPage	1643644328205	1643644328568	OK	 
USER	scenarioTwo	START	1643644328605
REQUEST	SecondChain	searchPanel	1643644328251	1643644328612	OK	 
GROUP	SecondChain	1643644327904	1643644328612	706	OK
USER	scenarioTwo	END	1643644328612
REQUEST	SecondChain	mainPage	1643644327308	1643644328615	OK	 
REQUEST	SecondChain	searchPanel	1643644328252	1643644328618	OK	 
GROUP	SecondChain	1643644326907	1643644328619	1708	OK
USER	scenarioTwo	END	1643644328619
REQUEST	SecondChain	mainPage	1643644328305	1643644328651	OK	 
REQUEST	SecondChain	mainPage	1643644327405	1643644328676	OK	 
REQUEST	SecondChain	searchPanel	1643644328355	1643644328694	OK	 
GROUP	SecondChain	1643644327014	1643644328694	1679	OK
USER	scenarioTwo	END	1643644328694
USER	scenarioTwo	START	1643644328705
REQUEST	SecondChain	searchPanel	1643644328360	1643644328718	OK	 
GROUP	SecondChain	1643644328005	1643644328718	712	OK
USER	scenarioTwo	END	1643644328718
REQUEST	SecondChain	mainPage	1643644328405	1643644328753	OK	 
REQUEST	SecondChain	searchPanel	1643644328440	1643644328769	OK	 
GROUP	SecondChain	1643644327104	1643644328770	1664	OK
USER	scenarioTwo	END	1643644328770
REQUEST	SecondChain	searchPanel	1643644328466	1643644328795	OK	 
GROUP	SecondChain	1643644328104	1643644328795	689	OK
USER	scenarioTwo	END	1643644328796
USER	scenarioTwo	START	1643644328805
REQUEST	SecondChain	mainPage	1643644327505	1643644328842	OK	 
REQUEST	SecondChain	mainPage	1643644328505	1643644328848	OK	 
REQUEST	SecondChain	searchPanel	1643644328506	1643644328857	OK	 
GROUP	SecondChain	1643644327203	1643644328857	1652	OK
USER	scenarioTwo	END	1643644328857
REQUEST	SecondChain	mainPage	1643644327605	1643644328900	OK	 
USER	scenarioTwo	START	1643644328905
REQUEST	SecondChain	searchPanel	1643644328569	1643644328913	OK	 
GROUP	SecondChain	1643644328204	1643644328914	707	OK
USER	scenarioTwo	END	1643644328914
REQUEST	SecondChain	mainPage	1643644328605	1643644328949	OK	 
REQUEST	SecondChain	searchPanel	1643644328616	1643644328958	OK	 
GROUP	SecondChain	1643644327308	1643644328958	1649	OK
USER	scenarioTwo	END	1643644328958
REQUEST	SecondChain	searchPanel	1643644328652	1643644328991	OK	 
GROUP	SecondChain	1643644328304	1643644328992	685	OK
USER	scenarioTwo	END	1643644328992
USER	scenarioTwo	START	1643644329006
REQUEST	SecondChain	searchPanel	1643644328678	1643644329017	OK	 
GROUP	SecondChain	1643644327404	1643644329018	1610	OK
USER	scenarioTwo	END	1643644329018
REQUEST	SecondChain	mainPage	1643644328705	1643644329047	OK	 
REQUEST	SecondChain	searchPanel	1643644328754	1643644329085	OK	 
GROUP	SecondChain	1643644328405	1643644329086	679	OK
USER	scenarioTwo	END	1643644329086
USER	scenarioTwo	START	1643644329104
REQUEST	SecondChain	mainPage	1643644328805	1643644329143	OK	 
REQUEST	SecondChain	searchPanel	1643644328843	1643644329193	OK	 
GROUP	SecondChain	1643644327505	1643644329194	1687	OK
USER	scenarioTwo	END	1643644329194
REQUEST	SecondChain	searchPanel	1643644328849	1643644329202	OK	 
GROUP	SecondChain	1643644328505	1643644329202	696	OK
USER	scenarioTwo	END	1643644329202
USER	scenarioTwo	START	1643644329204
REQUEST	SecondChain	searchPanel	1643644328902	1643644329238	OK	 
GROUP	SecondChain	1643644327604	1643644329239	1631	OK
USER	scenarioTwo	END	1643644329239
REQUEST	SecondChain	mainPage	1643644328905	1643644329255	OK	 
REQUEST	SecondChain	searchPanel	1643644328950	1643644329291	OK	 
GROUP	SecondChain	1643644328605	1643644329291	685	OK
USER	scenarioTwo	END	1643644329292
USER	scenarioTwo	START	1643644329305
REQUEST	SecondChain	mainPage	1643644329006	1643644329334	OK	 
REQUEST	SecondChain	searchPanel	1643644329049	1643644329378	OK	 
GROUP	SecondChain	1643644328705	1643644329378	671	OK
USER	scenarioTwo	END	1643644329378
USER	scenarioTwo	START	1643644329405
REQUEST	SecondChain	mainPage	1643644329104	1643644329443	OK	 
REQUEST	SecondChain	searchPanel	1643644329145	1643644329497	OK	 
GROUP	SecondChain	1643644328805	1643644329497	690	OK
USER	scenarioTwo	END	1643644329497
USER	scenarioTwo	START	1643644329505
REQUEST	SecondChain	mainPage	1643644329204	1643644329541	OK	 
REQUEST	SecondChain	searchPanel	1643644329256	1643644329603	OK	 
GROUP	SecondChain	1643644328905	1643644329603	697	OK
USER	scenarioTwo	END	1643644329603
USER	scenarioTwo	START	1643644329605
REQUEST	SecondChain	mainPage	1643644329305	1643644329632	OK	 
REQUEST	SecondChain	searchPanel	1643644329335	1643644329681	OK	 
GROUP	SecondChain	1643644329006	1643644329682	674	OK
USER	scenarioTwo	END	1643644329682
USER	scenarioTwo	START	1643644329705
REQUEST	SecondChain	mainPage	1643644329406	1643644329751	OK	 
REQUEST	SecondChain	searchPanel	1643644329445	1643644329797	OK	 
GROUP	SecondChain	1643644329104	1643644329798	691	OK
USER	scenarioTwo	END	1643644329798
USER	scenarioTwo	START	1643644329806
REQUEST	SecondChain	mainPage	1643644329505	1643644329853	OK	 
REQUEST	SecondChain	searchPanel	1643644329543	1643644329880	OK	 
GROUP	SecondChain	1643644329204	1643644329881	674	OK
USER	scenarioTwo	END	1643644329881
USER	scenarioTwo	START	1643644329906
REQUEST	SecondChain	mainPage	1643644329605	1643644329943	OK	 
REQUEST	SecondChain	searchPanel	1643644329633	1643644329968	OK	 
GROUP	SecondChain	1643644329305	1643644329969	662	OK
USER	scenarioTwo	END	1643644329969
