RUN	example.ExampleSimulation	examplesimulation	1643642422432	 	3.6.1
USER	scenarioOne	START	1643642423592
USER	scenarioOne	START	1643642423780
REQUEST	FirstChain	mainPage	1643642423616	1643642423778	OK	 
REQUEST	FirstChain	searchPanel	1643642423805	1643642423927	OK	 
GROUP	FirstChain	1643642423594	1643642423927	284	OK
USER	scenarioOne	END	1643642423930
USER	scenarioOne	START	1643642423981
REQUEST	FirstChain	mainPage	1643642423781	1643642423993	OK	 
REQUEST	FirstChain	searchPanel	1643642423995	1643642424095	OK	 
GROUP	FirstChain	1643642423780	1643642424096	312	OK
USER	scenarioOne	END	1643642424097
USER	scenarioOne	START	1643642424182
REQUEST	FirstChain	mainPage	1643642423982	1643642424193	OK	 
REQUEST	FirstChain	searchPanel	1643642424195	1643642424351	OK	 
GROUP	FirstChain	1643642423981	1643642424352	367	OK
USER	scenarioOne	END	1643642424354
REQUEST	FirstChain	mainPage	1643642424182	1643642424355	OK	 
USER	scenarioOne	START	1643642424382
REQUEST	FirstChain	searchPanel	1643642424359	1643642424434	OK	 
GROUP	FirstChain	1643642424182	1643642424435	248	OK
USER	scenarioOne	END	1643642424435
REQUEST	FirstChain	mainPage	1643642424383	1643642424555	OK	 
USER	scenarioOne	START	1643642424583
REQUEST	FirstChain	searchPanel	1643642424562	1643642424643	OK	 
GROUP	FirstChain	1643642424382	1643642424643	253	OK
USER	scenarioOne	END	1643642424644
REQUEST	FirstChain	mainPage	1643642424584	1643642424761	OK	 
USER	scenarioOne	START	1643642424783
REQUEST	FirstChain	searchPanel	1643642424764	1643642424909	OK	 
GROUP	FirstChain	1643642424583	1643642424910	322	OK
USER	scenarioOne	END	1643642424911
REQUEST	FirstChain	mainPage	1643642424783	1643642424967	OK	 
USER	scenarioOne	START	1643642424985
REQUEST	FirstChain	searchPanel	1643642424971	1643642425101	OK	 
GROUP	FirstChain	1643642424783	1643642425102	314	OK
USER	scenarioOne	END	1643642425103
USER	scenarioOne	START	1643642425183
REQUEST	FirstChain	mainPage	1643642424988	1643642425184	OK	 
REQUEST	FirstChain	searchPanel	1643642425187	1643642425346	OK	 
GROUP	FirstChain	1643642424985	1643642425348	355	OK
USER	scenarioOne	END	1643642425349
USER	scenarioOne	START	1643642425384
REQUEST	FirstChain	mainPage	1643642425184	1643642425388	OK	 
REQUEST	FirstChain	searchPanel	1643642425390	1643642425457	OK	 
GROUP	FirstChain	1643642425183	1643642425458	271	OK
USER	scenarioOne	END	1643642425459
REQUEST	FirstChain	mainPage	1643642425385	1643642425605	OK	 
REQUEST	FirstChain	searchPanel	1643642425608	1643642425671	OK	 
GROUP	FirstChain	1643642425384	1643642425672	283	OK
USER	scenarioOne	END	1643642425673
