RUN	example.ExampleSimulation	examplesimulation	1643643879881	 	3.6.1
USER	scenarioOne	START	1643643881114
USER	scenarioTwo	START	1643643881116
USER	scenarioTwo	START	1643643881199
USER	scenarioTwo	START	1643643881299
USER	scenarioOne	START	1643643881301
REQUEST	SecondChain	mainPage	1643643881140	1643643881339	OK	 
REQUEST	SecondChain	mainPage	1643643881199	1643643881363	OK	 
REQUEST	FirstChain	mainPage	1643643881140	1643643881370	OK	 
USER	scenarioTwo	START	1643643881399
REQUEST	SecondChain	searchPanel	1643643881371	1643643881439	OK	 
GROUP	SecondChain	1643643881199	1643643881439	232	OK
USER	scenarioTwo	END	1643643881442
REQUEST	SecondChain	searchPanel	1643643881371	1643643881461	OK	 
GROUP	SecondChain	1643643881116	1643643881462	289	OK
REQUEST	FirstChain	mainPage	1643643881301	1643643881461	OK	 
USER	scenarioTwo	END	1643643881462
USER	scenarioTwo	START	1643643881499
USER	scenarioOne	START	1643643881503
REQUEST	FirstChain	searchPanel	1643643881462	1643643881538	OK	 
GROUP	FirstChain	1643643881301	1643643881539	236	OK
USER	scenarioOne	END	1643643881540
REQUEST	SecondChain	mainPage	1643643881300	1643643881541	OK	 
USER	scenarioTwo	START	1643643881599
REQUEST	SecondChain	mainPage	1643643881400	1643643881626	OK	 
REQUEST	FirstChain	searchPanel	1643643881371	1643643881668	OK	 
GROUP	FirstChain	1643643881115	1643643881669	527	OK
USER	scenarioOne	END	1643643881670
REQUEST	SecondChain	mainPage	1643643881499	1643643881683	OK	 
USER	scenarioTwo	START	1643643881699
USER	scenarioOne	START	1643643881703
REQUEST	FirstChain	mainPage	1643643881503	1643643881709	OK	 
REQUEST	SecondChain	searchPanel	1643643881627	1643643881719	OK	 
GROUP	SecondChain	1643643881400	1643643881719	318	OK
USER	scenarioTwo	END	1643643881720
REQUEST	SecondChain	mainPage	1643643881599	1643643881793	OK	 
USER	scenarioTwo	START	1643643881801
REQUEST	SecondChain	searchPanel	1643643881542	1643643881803	OK	 
GROUP	SecondChain	1643643881299	1643643881804	502	OK
USER	scenarioTwo	END	1643643881805
REQUEST	SecondChain	searchPanel	1643643881685	1643643881831	OK	 
GROUP	SecondChain	1643643881499	1643643881832	330	OK
USER	scenarioTwo	END	1643643881832
REQUEST	FirstChain	searchPanel	1643643881711	1643643881857	OK	 
GROUP	FirstChain	1643643881503	1643643881858	352	OK
USER	scenarioOne	END	1643643881859
USER	scenarioTwo	START	1643643881900
USER	scenarioOne	START	1643643881904
REQUEST	SecondChain	searchPanel	1643643881795	1643643881921	OK	 
GROUP	SecondChain	1643643881599	1643643881923	320	OK
USER	scenarioTwo	END	1643643881924
REQUEST	SecondChain	mainPage	1643643881700	1643643881930	OK	 
REQUEST	FirstChain	mainPage	1643643881703	1643643881934	OK	 
REQUEST	SecondChain	mainPage	1643643881802	1643643881995	OK	 
USER	scenarioTwo	START	1643643882000
REQUEST	SecondChain	searchPanel	1643643881933	1643643882001	OK	 
GROUP	SecondChain	1643643881699	1643643882002	298	OK
USER	scenarioTwo	END	1643643882003
REQUEST	FirstChain	searchPanel	1643643881936	1643643882042	OK	 
GROUP	FirstChain	1643643881703	1643643882042	337	OK
USER	scenarioOne	END	1643643882043
REQUEST	FirstChain	mainPage	1643643881904	1643643882083	OK	 
USER	scenarioTwo	START	1643643882101
REQUEST	SecondChain	mainPage	1643643881901	1643643882102	OK	 
REQUEST	FirstChain	searchPanel	1643643882087	1643643882153	OK	 
GROUP	FirstChain	1643643881904	1643643882153	245	OK
USER	scenarioOne	END	1643643882154
REQUEST	SecondChain	searchPanel	1643643881999	1643643882177	OK	 
GROUP	SecondChain	1643643881801	1643643882179	371	OK
USER	scenarioTwo	END	1643643882180
REQUEST	SecondChain	mainPage	1643643882000	1643643882181	OK	 
REQUEST	SecondChain	searchPanel	1643643882106	1643643882199	OK	 
GROUP	SecondChain	1643643881900	1643643882200	294	OK
USER	scenarioTwo	END	1643643882201
USER	scenarioTwo	START	1643643882200
REQUEST	SecondChain	mainPage	1643643882102	1643643882249	OK	 
USER	scenarioTwo	START	1643643882301
REQUEST	SecondChain	mainPage	1643643882201	1643643882368	OK	 
REQUEST	SecondChain	searchPanel	1643643882183	1643643882368	OK	 
GROUP	SecondChain	1643643882000	1643643882369	366	OK
USER	scenarioTwo	END	1643643882370
REQUEST	SecondChain	searchPanel	1643643882252	1643643882382	OK	 
GROUP	SecondChain	1643643882101	1643643882383	277	OK
USER	scenarioTwo	END	1643643882384
USER	scenarioTwo	START	1643643882401
REQUEST	SecondChain	searchPanel	1643643882370	1643643882439	OK	 
GROUP	SecondChain	1643643882200	1643643882440	236	OK
USER	scenarioTwo	END	1643643882441
REQUEST	SecondChain	mainPage	1643643882302	1643643882461	OK	 
USER	scenarioTwo	START	1643643882501
USER	scenarioTwo	START	1643643882601
REQUEST	SecondChain	searchPanel	1643643882464	1643643882633	OK	 
GROUP	SecondChain	1643643882301	1643643882634	328	OK
USER	scenarioTwo	END	1643643882635
REQUEST	SecondChain	mainPage	1643643882502	1643643882640	OK	 
REQUEST	SecondChain	mainPage	1643643882402	1643643882640	OK	 
USER	scenarioTwo	START	1643643882701
REQUEST	SecondChain	searchPanel	1643643882642	1643643882713	OK	 
GROUP	SecondChain	1643643882501	1643643882714	209	OK
USER	scenarioTwo	END	1643643882715
REQUEST	SecondChain	mainPage	1643643882602	1643643882753	OK	 
USER	scenarioTwo	START	1643643882802
REQUEST	SecondChain	searchPanel	1643643882642	1643643882814	OK	 
GROUP	SecondChain	1643643882401	1643643882815	410	OK
USER	scenarioTwo	END	1643643882816
REQUEST	SecondChain	mainPage	1643643882702	1643643882833	OK	 
REQUEST	SecondChain	searchPanel	1643643882756	1643643882889	OK	 
GROUP	SecondChain	1643643882601	1643643882890	284	OK
USER	scenarioTwo	END	1643643882891
USER	scenarioTwo	START	1643643882901
REQUEST	SecondChain	searchPanel	1643643882836	1643643882929	OK	 
GROUP	SecondChain	1643643882701	1643643882930	224	OK
USER	scenarioTwo	END	1643643882931
REQUEST	SecondChain	mainPage	1643643882803	1643643882964	OK	 
USER	scenarioTwo	START	1643643883001
REQUEST	SecondChain	searchPanel	1643643882966	1643643883033	OK	 
GROUP	SecondChain	1643643882802	1643643883034	228	OK
USER	scenarioTwo	END	1643643883035
REQUEST	SecondChain	mainPage	1643643882901	1643643883065	OK	 
USER	scenarioTwo	START	1643643883101
REQUEST	SecondChain	searchPanel	1643643883068	1643643883139	OK	 
GROUP	SecondChain	1643643882901	1643643883140	235	OK
USER	scenarioTwo	END	1643643883141
REQUEST	SecondChain	mainPage	1643643883002	1643643883170	OK	 
USER	scenarioTwo	START	1643643883199
REQUEST	SecondChain	mainPage	1643643883102	1643643883285	OK	 
REQUEST	SecondChain	searchPanel	1643643883172	1643643883288	OK	 
GROUP	SecondChain	1643643883001	1643643883289	284	OK
USER	scenarioTwo	END	1643643883290
USER	scenarioTwo	START	1643643883299
REQUEST	SecondChain	searchPanel	1643643883287	1643643883381	OK	 
GROUP	SecondChain	1643643883101	1643643883382	277	OK
USER	scenarioTwo	END	1643643883384
REQUEST	SecondChain	mainPage	1643643883199	1643643883386	OK	 
USER	scenarioTwo	START	1643643883399
REQUEST	SecondChain	mainPage	1643643883299	1643643883485	OK	 
USER	scenarioTwo	START	1643643883499
REQUEST	SecondChain	searchPanel	1643643883388	1643643883535	OK	 
GROUP	SecondChain	1643643883199	1643643883536	334	OK
USER	scenarioTwo	END	1643643883537
USER	scenarioTwo	START	1643643883599
REQUEST	SecondChain	mainPage	1643643883399	1643643883616	OK	 
REQUEST	SecondChain	searchPanel	1643643883488	1643643883623	OK	 
GROUP	SecondChain	1643643883299	1643643883624	321	OK
USER	scenarioTwo	END	1643643883625
REQUEST	SecondChain	mainPage	1643643883499	1643643883658	OK	 
REQUEST	SecondChain	searchPanel	1643643883619	1643643883698	OK	 
GROUP	SecondChain	1643643883399	1643643883699	296	OK
USER	scenarioTwo	END	1643643883701
USER	scenarioTwo	START	1643643883700
REQUEST	SecondChain	searchPanel	1643643883660	1643643883736	OK	 
GROUP	SecondChain	1643643883499	1643643883737	235	OK
USER	scenarioTwo	END	1643643883738
REQUEST	SecondChain	mainPage	1643643883600	1643643883791	OK	 
USER	scenarioTwo	START	1643643883799
REQUEST	SecondChain	mainPage	1643643883700	1643643883838	OK	 
REQUEST	SecondChain	searchPanel	1643643883794	1643643883862	OK	 
GROUP	SecondChain	1643643883599	1643643883863	259	OK
USER	scenarioTwo	END	1643643883864
USER	scenarioTwo	START	1643643883899
REQUEST	SecondChain	searchPanel	1643643883840	1643643883963	OK	 
GROUP	SecondChain	1643643883700	1643643883964	261	OK
USER	scenarioTwo	END	1643643883965
REQUEST	SecondChain	mainPage	1643643883800	1643643883976	OK	 
USER	scenarioTwo	START	1643643884000
REQUEST	SecondChain	searchPanel	1643643883978	1643643884041	OK	 
GROUP	SecondChain	1643643883799	1643643884042	239	OK
USER	scenarioTwo	END	1643643884043
REQUEST	SecondChain	mainPage	1643643883900	1643643884070	OK	 
USER	scenarioTwo	START	1643643884099
REQUEST	SecondChain	mainPage	1643643884000	1643643884146	OK	 
REQUEST	SecondChain	searchPanel	1643643884073	1643643884147	OK	 
GROUP	SecondChain	1643643883900	1643643884148	244	OK
USER	scenarioTwo	END	1643643884149
USER	scenarioTwo	START	1643643884199
REQUEST	SecondChain	searchPanel	1643643884148	1643643884220	OK	 
GROUP	SecondChain	1643643884000	1643643884221	218	OK
USER	scenarioTwo	END	1643643884222
REQUEST	SecondChain	mainPage	1643643884099	1643643884250	OK	 
USER	scenarioTwo	START	1643643884299
REQUEST	SecondChain	searchPanel	1643643884253	1643643884381	OK	 
GROUP	SecondChain	1643643884099	1643643884382	279	OK
USER	scenarioTwo	END	1643643884383
USER	scenarioTwo	START	1643643884398
REQUEST	SecondChain	mainPage	1643643884199	1643643884416	OK	 
REQUEST	SecondChain	mainPage	1643643884300	1643643884458	OK	 
USER	scenarioTwo	START	1643643884499
REQUEST	SecondChain	searchPanel	1643643884418	1643643884503	OK	 
GROUP	SecondChain	1643643884199	1643643884503	302	OK
USER	scenarioTwo	END	1643643884504
USER	scenarioTwo	START	1643643884606
REQUEST	SecondChain	mainPage	1643643884399	1643643884609	OK	 
REQUEST	SecondChain	searchPanel	1643643884460	1643643884615	OK	 
GROUP	SecondChain	1643643884299	1643643884616	313	OK
USER	scenarioTwo	END	1643643884617
REQUEST	SecondChain	searchPanel	1643643884610	1643643884673	OK	 
GROUP	SecondChain	1643643884398	1643643884673	273	OK
USER	scenarioTwo	END	1643643884674
REQUEST	SecondChain	mainPage	1643643884499	1643643884675	OK	 
USER	scenarioTwo	START	1643643884699
REQUEST	SecondChain	mainPage	1643643884606	1643643884745	OK	 
REQUEST	SecondChain	searchPanel	1643643884676	1643643884753	OK	 
GROUP	SecondChain	1643643884499	1643643884754	253	OK
USER	scenarioTwo	END	1643643884755
USER	scenarioTwo	START	1643643884799
REQUEST	SecondChain	searchPanel	1643643884747	1643643884834	OK	 
GROUP	SecondChain	1643643884606	1643643884835	226	OK
USER	scenarioTwo	END	1643643884836
REQUEST	SecondChain	mainPage	1643643884700	1643643884856	OK	 
USER	scenarioTwo	START	1643643884900
REQUEST	SecondChain	searchPanel	1643643884858	1643643884934	OK	 
GROUP	SecondChain	1643643884699	1643643884935	232	OK
USER	scenarioTwo	END	1643643884936
REQUEST	SecondChain	mainPage	1643643884800	1643643884986	OK	 
USER	scenarioTwo	START	1643643885000
REQUEST	SecondChain	mainPage	1643643884900	1643643885037	OK	 
REQUEST	SecondChain	searchPanel	1643643884989	1643643885056	OK	 
GROUP	SecondChain	1643643884799	1643643885057	253	OK
USER	scenarioTwo	END	1643643885058
USER	scenarioTwo	START	1643643885100
REQUEST	SecondChain	searchPanel	1643643885040	1643643885170	OK	 
GROUP	SecondChain	1643643884900	1643643885171	267	OK
USER	scenarioTwo	END	1643643885172
REQUEST	SecondChain	mainPage	1643643885001	1643643885182	OK	 
USER	scenarioTwo	START	1643643885198
REQUEST	SecondChain	mainPage	1643643885100	1643643885252	OK	 
USER	scenarioTwo	START	1643643885299
REQUEST	SecondChain	searchPanel	1643643885184	1643643885321	OK	 
GROUP	SecondChain	1643643885000	1643643885322	318	OK
USER	scenarioTwo	END	1643643885323
REQUEST	SecondChain	mainPage	1643643885198	1643643885359	OK	 
REQUEST	SecondChain	searchPanel	1643643885254	1643643885395	OK	 
GROUP	SecondChain	1643643885100	1643643885395	293	OK
USER	scenarioTwo	END	1643643885397
USER	scenarioTwo	START	1643643885399
REQUEST	SecondChain	mainPage	1643643885299	1643643885428	OK	 
REQUEST	SecondChain	searchPanel	1643643885361	1643643885445	OK	 
GROUP	SecondChain	1643643885198	1643643885446	245	OK
USER	scenarioTwo	END	1643643885447
USER	scenarioTwo	START	1643643885498
REQUEST	SecondChain	searchPanel	1643643885430	1643643885505	OK	 
GROUP	SecondChain	1643643885299	1643643885505	204	OK
USER	scenarioTwo	END	1643643885506
REQUEST	SecondChain	mainPage	1643643885399	1643643885568	OK	 
USER	scenarioTwo	START	1643643885599
REQUEST	SecondChain	mainPage	1643643885499	1643643885661	OK	 
USER	scenarioTwo	START	1643643885698
REQUEST	SecondChain	searchPanel	1643643885569	1643643885719	OK	 
GROUP	SecondChain	1643643885399	1643643885720	319	OK
USER	scenarioTwo	END	1643643885721
USER	scenarioTwo	START	1643643885799
REQUEST	SecondChain	mainPage	1643643885600	1643643885806	OK	 
REQUEST	SecondChain	searchPanel	1643643885663	1643643885823	OK	 
GROUP	SecondChain	1643643885498	1643643885825	322	OK
USER	scenarioTwo	END	1643643885826
REQUEST	SecondChain	mainPage	1643643885699	1643643885871	OK	 
USER	scenarioTwo	START	1643643885899
REQUEST	SecondChain	searchPanel	1643643885808	1643643885936	OK	 
GROUP	SecondChain	1643643885599	1643643885937	334	OK
USER	scenarioTwo	END	1643643885937
REQUEST	SecondChain	mainPage	1643643885800	1643643885987	OK	 
USER	scenarioTwo	START	1643643886000
REQUEST	SecondChain	searchPanel	1643643885873	1643643886022	OK	 
GROUP	SecondChain	1643643885698	1643643886023	321	OK
USER	scenarioTwo	END	1643643886024
REQUEST	SecondChain	searchPanel	1643643885989	1643643886061	OK	 
GROUP	SecondChain	1643643885799	1643643886062	259	OK
USER	scenarioTwo	END	1643643886063
REQUEST	SecondChain	mainPage	1643643885900	1643643886072	OK	 
